Log file open, 02/27/19 17:54:03
LogWindows: Failed to load 'aqProf.dll' (GetLastError=126)
LogWindows: File 'aqProf.dll' does not exist
LogWindows: Failed to load 'VtuneApi.dll' (GetLastError=126)
LogWindows: File 'VtuneApi.dll' does not exist
LogWindows: Failed to load 'VtuneApi32e.dll' (GetLastError=126)
LogWindows: File 'VtuneApi32e.dll' does not exist
LogInit: Display: Running engine for game: EverythingPlayground
LogPlatformFile: Not using cached read wrapper
LogInit: Display: RandInit(-446999138) SRandInit(-446999138).
LogInit: Read version file with build ID '3944462'
LogInit: Overriding engine version to CL 4033788, compatible CL 3944462
LogInit: Registered custom module enumerator with build ID '3944462'
LogTaskGraph: Started task graph with 5 named threads and 23 total threads with 3 sets of task threads.
LogStats: Stats thread started at 0.281285
LogD3D11RHI: Aftermath initialized
LogICUInternationalization: Display: ICU TimeZone Detection - Raw Offset: +0:00, Platform Override: ''
LogModuleManager: Display: Found up-to-date module file ../../../Engine/Plugins/2D/Paper2D/Binaries/Win64/UE4Editor-Paper2D.dll (API version 3944462).
LogModuleManager: Display: Found up-to-date module file ../../../Engine/Plugins/2D/Paper2D/Binaries/Win64/UE4Editor-Paper2DEditor.dll (API version 3944462).
LogModuleManager: Display: Found up-to-date module file ../../../Engine/Plugins/2D/Paper2D/Binaries/Win64/UE4Editor-PaperSpriteSheetImporter.dll (API version 3944462).
LogModuleManager: Display: Found up-to-date module file ../../../Engine/Plugins/2D/Paper2D/Binaries/Win64/UE4Editor-PaperTiledImporter.dll (API version 3944462).
LogModuleManager: Display: Found up-to-date module file ../../../Engine/Plugins/2D/Paper2D/Binaries/Win64/UE4Editor-SmartSnapping.dll (API version 3944462).
LogModuleManager: Display: Found up-to-date module file ../../../Engine/Plugins/Blendables/LightPropagationVolume/Binaries/Win64/UE4Editor-LightPropagationVolumeRuntime.dll (API version 3944462).
LogModuleManager: Display: Found up-to-date module file ../../../Engine/Plugins/Blendables/LightPropagationVolume/Binaries/Win64/UE4Editor-LightPropagationVolumeEditor.dll (API version 3944462).
LogModuleManager: Display: Found up-to-date module file ../../../Engine/Plugins/Developer/CLionSourceCodeAccess/Binaries/Win64/UE4Editor-CLionSourceCodeAccess.dll (API version 3944462).
LogModuleManager: Display: Found up-to-date module file ../../../Engine/Plugins/Developer/GitSourceControl/Binaries/Win64/UE4Editor-GitSourceControl.dll (API version 3944462).
LogModuleManager: Display: Found up-to-date module file ../../../Engine/Plugins/Developer/PerforceSourceControl/Binaries/Win64/UE4Editor-PerforceSourceControl.dll (API version 3944462).
LogModuleManager: Display: Found up-to-date module file ../../../Engine/Plugins/Developer/SubversionSourceControl/Binaries/Win64/UE4Editor-SubversionSourceControl.dll (API version 3944462).
LogModuleManager: Display: Found up-to-date module file ../../../Engine/Plugins/Developer/UObjectPlugin/Binaries/Win64/UE4Editor-UObjectPlugin.dll (API version 3944462).
LogModuleManager: Display: Found up-to-date module file ../../../Engine/Plugins/Developer/VisualStudioCodeSourceCodeAccess/Binaries/Win64/UE4Editor-VisualStudioCodeSourceCodeAccess.dll (API version 3944462).
LogModuleManager: Display: Found up-to-date module file ../../../Engine/Plugins/Developer/VisualStudioSourceCodeAccess/Binaries/Win64/UE4Editor-VisualStudioSourceCodeAccess.dll (API version 3944462).
LogModuleManager: Display: Found up-to-date module file ../../../Engine/Plugins/Editor/AssetManagerEditor/Binaries/Win64/UE4Editor-AssetManagerEditor.dll (API version 3944462).
LogModuleManager: Display: Found up-to-date module file ../../../Engine/Plugins/Editor/CryptoKeys/Binaries/Win64/UE4Editor-CryptoKeys.dll (API version 3944462).
LogModuleManager: Display: Found up-to-date module file ../../../Engine/Plugins/Editor/CryptoKeys/Binaries/Win64/UE4Editor-CryptoKeysOpenSSL.dll (API version 3944462).
LogModuleManager: Display: Found up-to-date module file ../../../Engine/Plugins/Editor/DataValidation/Binaries/Win64/UE4Editor-DataValidation.dll (API version 3944462).
LogModuleManager: Display: Found up-to-date module file ../../../Engine/Plugins/Editor/FacialAnimation/Binaries/Win64/UE4Editor-FacialAnimation.dll (API version 3944462).
LogModuleManager: Display: Found up-to-date module file ../../../Engine/Plugins/Editor/FacialAnimation/Binaries/Win64/UE4Editor-FacialAnimationEditor.dll (API version 3944462).
LogModuleManager: Display: Found up-to-date module file ../../../Engine/Plugins/Editor/GameplayTagsEditor/Binaries/Win64/UE4Editor-GameplayTagsEditor.dll (API version 3944462).
LogModuleManager: Display: Found up-to-date module file ../../../Engine/Plugins/Editor/MobileLauncherProfileWizard/Binaries/Win64/UE4Editor-MobileLauncherProfileWizard.dll (API version 3944462).
LogModuleManager: Display: Found up-to-date module file ../../../Engine/Plugins/Editor/PluginBrowser/Binaries/Win64/UE4Editor-PluginBrowser.dll (API version 3944462).
LogModuleManager: Display: Found up-to-date module file ../../../Engine/Plugins/Editor/SpeedTreeImporter/Binaries/Win64/UE4Editor-SpeedTreeImporter.dll (API version 3944462).
LogModuleManager: Display: Found up-to-date module file ../../../Engine/Plugins/Enterprise/DatasmithContent/Binaries/Win64/UE4Editor-DatasmithContent.dll (API version 3944462).
LogModuleManager: Display: Found up-to-date module file ../../../Engine/Plugins/Experimental/AlembicImporter/Binaries/Win64/UE4Editor-AlembicImporter.dll (API version 3944462).
LogModuleManager: Display: Found up-to-date module file ../../../Engine/Plugins/Experimental/AlembicImporter/Binaries/Win64/UE4Editor-AlembicLibrary.dll (API version 3944462).
LogModuleManager: Display: Found up-to-date module file ../../../Engine/Plugins/Experimental/CharacterAI/Binaries/Win64/UE4Editor-CharacterAI.dll (API version 3944462).
LogModuleManager: Display: Found up-to-date module file ../../../Engine/Plugins/Experimental/HTML5Networking/Binaries/Win64/UE4Editor-HTML5Networking.dll (API version 3944462).
LogModuleManager: Display: Found up-to-date module file ../../../Engine/Plugins/Media/AndroidMedia/Binaries/Win64/UE4Editor-AndroidMediaEditor.dll (API version 3944462).
LogModuleManager: Display: Found up-to-date module file ../../../Engine/Plugins/Media/AndroidMedia/Binaries/Win64/UE4Editor-AndroidMediaFactory.dll (API version 3944462).
LogModuleManager: Display: Found up-to-date module file ../../../Engine/Plugins/Media/AvfMedia/Binaries/Win64/UE4Editor-AvfMediaEditor.dll (API version 3944462).
LogModuleManager: Display: Found up-to-date module file ../../../Engine/Plugins/Media/AvfMedia/Binaries/Win64/UE4Editor-AvfMediaFactory.dll (API version 3944462).
LogModuleManager: Display: Found up-to-date module file ../../../Engine/Plugins/Media/AvfMedia/Binaries/Win64/UE4Editor-AvfMediaFactory.dll (API version 3944462).
LogModuleManager: Display: Found up-to-date module file ../../../Engine/Plugins/Media/ImgMedia/Binaries/Win64/UE4Editor-ImgMedia.dll (API version 3944462).
LogModuleManager: Display: Found up-to-date module file ../../../Engine/Plugins/Media/ImgMedia/Binaries/Win64/UE4Editor-ImgMediaEditor.dll (API version 3944462).
LogModuleManager: Display: Found up-to-date module file ../../../Engine/Plugins/Media/ImgMedia/Binaries/Win64/UE4Editor-ImgMediaFactory.dll (API version 3944462).
LogModuleManager: Display: Found up-to-date module file ../../../Engine/Plugins/Media/ImgMedia/Binaries/Win64/UE4Editor-ImgMediaFactory.dll (API version 3944462).
LogModuleManager: Display: Found up-to-date module file ../../../Engine/Plugins/Media/ImgMedia/Binaries/Win64/UE4Editor-OpenExrWrapper.dll (API version 3944462).
LogModuleManager: Display: Found up-to-date module file ../../../Engine/Plugins/Media/LinearTimecode/Binaries/Win64/UE4Editor-LinearTimecode.dll (API version 3944462).
LogModuleManager: Display: Found up-to-date module file ../../../Engine/Plugins/Media/MediaCompositing/Binaries/Win64/UE4Editor-MediaCompositing.dll (API version 3944462).
LogModuleManager: Display: Found up-to-date module file ../../../Engine/Plugins/Media/MediaCompositing/Binaries/Win64/UE4Editor-MediaCompositingEditor.dll (API version 3944462).
LogModuleManager: Display: Found up-to-date module file ../../../Engine/Plugins/Media/MediaPlayerEditor/Binaries/Win64/UE4Editor-MediaPlayerEditor.dll (API version 3944462).
LogModuleManager: Display: Found up-to-date module file ../../../Engine/Plugins/Media/WmfMedia/Binaries/Win64/UE4Editor-WmfMedia.dll (API version 3944462).
LogModuleManager: Display: Found up-to-date module file ../../../Engine/Plugins/Media/WmfMedia/Binaries/Win64/UE4Editor-WmfMediaEditor.dll (API version 3944462).
LogModuleManager: Display: Found up-to-date module file ../../../Engine/Plugins/Media/WmfMedia/Binaries/Win64/UE4Editor-WmfMediaFactory.dll (API version 3944462).
LogModuleManager: Display: Found up-to-date module file ../../../Engine/Plugins/Media/WmfMedia/Binaries/Win64/UE4Editor-WmfMediaFactory.dll (API version 3944462).
LogModuleManager: Display: Found up-to-date module file ../../../Engine/Plugins/Messaging/TcpMessaging/Binaries/Win64/UE4Editor-TcpMessaging.dll (API version 3944462).
LogModuleManager: Display: Found up-to-date module file ../../../Engine/Plugins/Messaging/UdpMessaging/Binaries/Win64/UE4Editor-UdpMessaging.dll (API version 3944462).
LogModuleManager: Display: Found up-to-date module file ../../../Engine/Plugins/MovieScene/ActorSequence/Binaries/Win64/UE4Editor-ActorSequence.dll (API version 3944462).
LogModuleManager: Display: Found up-to-date module file ../../../Engine/Plugins/MovieScene/LevelSequenceEditor/Binaries/Win64/UE4Editor-LevelSequenceEditor.dll (API version 3944462).
LogModuleManager: Display: Found up-to-date module file ../../../Engine/Plugins/MovieScene/MatineeToLevelSequence/Binaries/Win64/UE4Editor-MatineeToLevelSequence.dll (API version 3944462).
LogModuleManager: Display: Found up-to-date module file ../../../Engine/Plugins/NetcodeUnitTest/NetcodeUnitTest/Binaries/Win64/UE4Editor-NetcodeUnitTest.dll (API version 3944462).
LogModuleManager: Display: Found up-to-date module file ../../../Engine/Plugins/NetcodeUnitTest/NUTUnrealEngine4/Binaries/Win64/UE4Editor-NUTUnrealEngine4.dll (API version 3944462).
LogModuleManager: Display: Found up-to-date module file ../../../Engine/Plugins/Online/OnlineSubsystem/Binaries/Win64/UE4Editor-OnlineSubsystem.dll (API version 3944462).
LogModuleManager: Display: Found up-to-date module file ../../../Engine/Plugins/Runtime/AndroidPermission/Binaries/Win64/UE4Editor-AndroidPermission.dll (API version 3944462).
LogModuleManager: Display: Found up-to-date module file ../../../Engine/Plugins/Online/OnlineSubsystemNull/Binaries/Win64/UE4Editor-OnlineSubsystemNull.dll (API version 3944462).
LogModuleManager: Display: Found up-to-date module file ../../../Engine/Plugins/Online/OnlineSubsystemUtils/Binaries/Win64/UE4Editor-OnlineSubsystemUtils.dll (API version 3944462).
LogModuleManager: Display: Found up-to-date module file ../../../Engine/Plugins/Online/OnlineSubsystemUtils/Binaries/Win64/UE4Editor-OnlineBlueprintSupport.dll (API version 3944462).
LogModuleManager: Display: Found up-to-date module file ../../../Engine/Plugins/Runtime/AndroidDeviceProfileSelector/Binaries/Win64/UE4Editor-AndroidDeviceProfileSelector.dll (API version 3944462).
LogModuleManager: Display: Found up-to-date module file ../../../Engine/Plugins/Runtime/AppleARKit/Binaries/Win64/UE4Editor-AppleARKit.dll (API version 3944462).
LogModuleManager: Display: Found up-to-date module file ../../../Engine/Plugins/Runtime/ProceduralMeshComponent/Binaries/Win64/UE4Editor-ProceduralMeshComponent.dll (API version 3944462).
LogModuleManager: Display: Found up-to-date module file ../../../Engine/Plugins/Runtime/ProceduralMeshComponent/Binaries/Win64/UE4Editor-ProceduralMeshComponentEditor.dll (API version 3944462).
LogModuleManager: Display: Found up-to-date module file ../../../Engine/Plugins/Animation/LiveLink/Binaries/Win64/UE4Editor-LiveLink.dll (API version 3944462).
LogModuleManager: Display: Found up-to-date module file ../../../Engine/Plugins/Animation/LiveLink/Binaries/Win64/UE4Editor-LiveLinkEditor.dll (API version 3944462).
LogModuleManager: Display: Found up-to-date module file ../../../Engine/Plugins/Runtime/ArchVisCharacter/Binaries/Win64/UE4Editor-ArchVisCharacter.dll (API version 3944462).
LogModuleManager: Display: Found up-to-date module file ../../../Engine/Plugins/Runtime/AudioCapture/Binaries/Win64/UE4Editor-AudioCapture.dll (API version 3944462).
LogModuleManager: Display: Found up-to-date module file ../../../Engine/Plugins/Runtime/AudioCapture/Binaries/Win64/UE4Editor-AudioCaptureEditor.dll (API version 3944462).
LogModuleManager: Display: Found up-to-date module file ../../../Engine/Plugins/Runtime/CableComponent/Binaries/Win64/UE4Editor-CableComponent.dll (API version 3944462).
LogModuleManager: Display: Found up-to-date module file ../../../Engine/Plugins/Runtime/CustomMeshComponent/Binaries/Win64/UE4Editor-CustomMeshComponent.dll (API version 3944462).
LogModuleManager: Display: Found up-to-date module file ../../../Engine/Plugins/Runtime/ExampleDeviceProfileSelector/Binaries/Win64/UE4Editor-ExampleDeviceProfileSelector.dll (API version 3944462).
LogModuleManager: Display: Found up-to-date module file ../../../Engine/Plugins/Runtime/ImmediatePhysics/Binaries/Win64/UE4Editor-ImmediatePhysics.dll (API version 3944462).
LogModuleManager: Display: Found up-to-date module file ../../../Engine/Plugins/Runtime/ImmediatePhysics/Binaries/Win64/UE4Editor-ImmediatePhysicsEditor.dll (API version 3944462).
LogModuleManager: Display: Found up-to-date module file ../../../Engine/Plugins/Runtime/LocationServicesBPLibrary/Binaries/Win64/UE4Editor-LocationServicesBPLibrary.dll (API version 3944462).
LogModuleManager: Display: Found up-to-date module file ../../../Engine/Plugins/Runtime/MobilePatchingUtils/Binaries/Win64/UE4Editor-MobilePatchingUtils.dll (API version 3944462).
LogModuleManager: Display: Found up-to-date module file ../../../Engine/Plugins/Runtime/Oculus/OculusVR/Binaries/Win64/UE4Editor-OculusHMD.dll (API version 3944462).
LogModuleManager: Display: Found up-to-date module file ../../../Engine/Plugins/Runtime/Oculus/OculusVR/Binaries/Win64/UE4Editor-OculusInput.dll (API version 3944462).
LogModuleManager: Display: Found up-to-date module file ../../../Engine/Plugins/Runtime/Oculus/OculusVR/Binaries/Win64/UE4Editor-OculusEditor.dll (API version 3944462).
LogModuleManager: Display: Found up-to-date module file ../../../Engine/Plugins/Runtime/PhysXVehicles/Binaries/Win64/UE4Editor-PhysXVehicles.dll (API version 3944462).
LogModuleManager: Display: Found up-to-date module file ../../../Engine/Plugins/Runtime/PhysXVehicles/Binaries/Win64/UE4Editor-PhysXVehiclesEditor.dll (API version 3944462).
LogModuleManager: Display: Found up-to-date module file ../../../Engine/Plugins/Runtime/RuntimePhysXCooking/Binaries/Win64/UE4Editor-RuntimePhysXCooking.dll (API version 3944462).
LogModuleManager: Display: Found up-to-date module file ../../../Engine/Plugins/Runtime/Steam/SteamVR/Binaries/Win64/UE4Editor-SteamVR.dll (API version 3944462).
LogModuleManager: Display: Found up-to-date module file ../../../Engine/Plugins/Runtime/Steam/SteamVR/Binaries/Win64/UE4Editor-SteamVRController.dll (API version 3944462).
LogModuleManager: Display: Found up-to-date module file ../../../Engine/Plugins/Runtime/WindowsMoviePlayer/Binaries/Win64/UE4Editor-WindowsMoviePlayer.dll (API version 3944462).
LogPluginManager: Mounting plugin Paper2D
LogPluginManager: Mounting plugin LiveLink
LogPluginManager: Mounting plugin LightPropagationVolume
LogPluginManager: Mounting plugin CLionSourceCodeAccess
LogPluginManager: Mounting plugin CodeLiteSourceCodeAccess
LogPluginManager: Mounting plugin GitSourceControl
LogPluginManager: Mounting plugin KDevelopSourceCodeAccess
LogPluginManager: Mounting plugin NullSourceCodeAccess
LogPluginManager: Mounting plugin PerforceSourceControl
LogPluginManager: Mounting plugin SubversionSourceControl
LogPluginManager: Mounting plugin UObjectPlugin
LogPluginManager: Mounting plugin VisualStudioCodeSourceCodeAccess
LogPluginManager: Mounting plugin VisualStudioSourceCodeAccess
LogPluginManager: Mounting plugin XCodeSourceCodeAccess
LogPluginManager: Mounting plugin AssetManagerEditor
LogPluginManager: Mounting plugin CryptoKeys
LogPluginManager: Mounting plugin DataValidation
LogPluginManager: Mounting plugin FacialAnimation
LogPluginManager: Mounting plugin GameplayTagsEditor
LogPluginManager: Mounting plugin MobileLauncherProfileWizard
LogPluginManager: Mounting plugin PluginBrowser
LogPluginManager: Mounting plugin SpeedTreeImporter
LogPluginManager: Mounting plugin DatasmithContent
LogPluginManager: Mounting plugin AlembicImporter
LogPluginManager: Mounting plugin CharacterAI
LogPluginManager: Mounting plugin HTML5Networking
LogPluginManager: Mounting plugin AndroidMedia
LogPluginManager: Mounting plugin AvfMedia
LogPluginManager: Mounting plugin ImgMedia
LogPluginManager: Mounting plugin LinearTimecode
LogPluginManager: Mounting plugin MediaCompositing
LogPluginManager: Mounting plugin MediaPlayerEditor
LogPluginManager: Mounting plugin WmfMedia
LogPluginManager: Mounting plugin TcpMessaging
LogPluginManager: Mounting plugin UdpMessaging
LogPluginManager: Mounting plugin ActorSequence
LogPluginManager: Mounting plugin LevelSequenceEditor
LogPluginManager: Mounting plugin MatineeToLevelSequence
LogPluginManager: Mounting plugin NetcodeUnitTest
LogPluginManager: Mounting plugin NUTUnrealEngine4
LogPluginManager: Mounting plugin OnlineSubsystemGooglePlay
LogPluginManager: Mounting plugin OnlineSubsystemIOS
LogPluginManager: Mounting plugin OnlineSubsystem
LogPluginManager: Mounting plugin OnlineSubsystemNull
LogPluginManager: Mounting plugin OnlineSubsystemUtils
LogPluginManager: Mounting plugin AndroidDeviceProfileSelector
LogPluginManager: Mounting plugin AndroidMoviePlayer
LogPluginManager: Mounting plugin AndroidPermission
LogPluginManager: Mounting plugin AppleARKit
LogPluginManager: Mounting plugin AppleMoviePlayer
LogPluginManager: Mounting plugin ArchVisCharacter
LogPluginManager: Mounting plugin AudioCapture
LogPluginManager: Mounting plugin CableComponent
LogPluginManager: Mounting plugin CustomMeshComponent
LogPluginManager: Mounting plugin ExampleDeviceProfileSelector
LogPluginManager: Mounting plugin GoogleCloudMessaging
LogPluginManager: Mounting plugin ImmediatePhysics
LogPluginManager: Mounting plugin IOSDeviceProfileSelector
LogPluginManager: Mounting plugin LinuxDeviceProfileSelector
LogPluginManager: Mounting plugin LocationServicesBPLibrary
LogPluginManager: Mounting plugin MobilePatchingUtils
LogPluginManager: Mounting plugin OculusVR
LogPluginManager: Plugin shader directory ../../../Engine/Plugins/Runtime/Oculus/OculusVR/Shaders found
LogPluginManager: Mapping shader source directory ../../../Engine/Plugins/Runtime/Oculus/OculusVR/Shaders to virtual directory /Plugin/OculusVR
LogPluginManager: Mounting plugin PhysXVehicles
LogPluginManager: Mounting plugin ProceduralMeshComponent
LogPluginManager: Mounting plugin RuntimePhysXCooking
LogPluginManager: Mounting plugin SteamVR
LogPluginManager: Mounting plugin WindowsMoviePlayer
LogStreaming: Display: Took  0.909s to configure plugins.
LogInit: Using libcurl 7.47.1
LogInit:  - built for x86_64-pc-win32
LogInit:  - supports SSL with OpenSSL/1.0.2g
LogInit:  - supports HTTP deflate (compression) using libz 1.2.8
LogInit:  - other features:
LogInit:      CURL_VERSION_SSL
LogInit:      CURL_VERSION_LIBZ
LogInit:      CURL_VERSION_IPV6
LogInit:      CURL_VERSION_ASYNCHDNS
LogInit:      CURL_VERSION_LARGEFILE
LogInit:      CURL_VERSION_IDN
LogInit:  CurlRequestOptions (configurable via config and command line):
LogInit:  - bVerifyPeer = false  - Libcurl will NOT verify peer certificate
LogInit:  - bUseHttpProxy = false  - Libcurl will NOT use HTTP proxy
LogInit:  - bDontReuseConnections = false  - Libcurl will reuse connections
LogInit:  - CertBundlePath = nullptr  - Libcurl will use whatever was configured at build time.
LogInit:  - MaxHostConnections = 16  - Libcurl will limit the number of connections to a host
LogInit:  - LocalHostAddr = Default
LogInit: WinSock: version 1.1 (2.2), MaxSocks=32767, MaxUdp=65467
LogInit: WinSock: I am Corsair-Gaming-Beast (192.168.56.1:0)
LogInit: Build: ++UE4+Release-4.19-CL-4033788
LogInit: Engine Version: 4.19.2-4033788+++UE4+Release-4.19
LogInit: Compatible Engine Version: 4.19.0-3944462+++UE4+Release-4.19
LogInit: Net CL: 3944462
LogDevObjectVersion: Number of dev versions registered: 18
LogDevObjectVersion:   Dev-Blueprints (B0D832E4-1F89-4F0D-ACCF-7EB736FD4AA2): 10
LogDevObjectVersion:   Dev-Build (E1C64328-A22C-4D53-A36C-8E866417BD8C): 0
LogDevObjectVersion:   Dev-Core (375EC13C-06E4-48FB-B500-84F0262A717E): 2
LogDevObjectVersion:   Dev-Editor (E4B068ED-F494-42E9-A231-DA0B2E46BB41): 23
LogDevObjectVersion:   Dev-Framework (CFFC743F-43B0-4480-9391-14DF171D2073): 33
LogDevObjectVersion:   Dev-Mobile (B02B49B5-BB20-44E9-A304-32B752E40360): 2
LogDevObjectVersion:   Dev-Networking (A4E4105C-59A1-49B5-A7C5-40C4547EDFEE): 0
LogDevObjectVersion:   Dev-Online (39C831C9-5AE6-47DC-9A44-9C173E1C8E7C): 0
LogDevObjectVersion:   Dev-Physics (78F01B33-EBEA-4F98-B9B4-84EACCB95AA2): 0
LogDevObjectVersion:   Dev-Platform (6631380F-2D4D-43E0-8009-CF276956A95A): 0
LogDevObjectVersion:   Dev-Rendering (12F88B9F-8875-4AFC-A67C-D90C383ABD29): 25
LogDevObjectVersion:   Dev-Sequencer (7B5AE74C-D270-4C10-A958-57980B212A5A): 6
LogDevObjectVersion:   Dev-VR (D7296918-1DD6-4BDD-9DE2-64A83CC13884): 1
LogDevObjectVersion:   Dev-LoadTimes (C2A15278-BFE7-4AFE-6C17-90FF531DF755): 1
LogDevObjectVersion:   Private-Geometry (6EACA3D4-40EC-4CC1-B786-8BED09428FC5): 2
LogDevObjectVersion:   Dev-AnimPhys (29E575DD-E0A3-4627-9D10-D276232CDCEA): 16
LogDevObjectVersion:   Dev-ReflectionCapture (6B266CEC-1EC7-4B8F-A30B-E4D90942FC07): 1
LogDevObjectVersion:   Dev-Automation (0DF73D61-A23F-47EA-B727-89E90C41499A): 1
LogInit: Compiled (64-bit): Apr 27 2018 02:06:57
LogInit: Compiled with Visual C++: 19.00.24215.01
LogInit: Build Configuration: Development
LogInit: Branch Name: ++UE4+Release-4.19
LogInit: Command Line: -EpicPortal  -epicusername="DribblyCthulhu" -epicuserid=ad51de5736204b87bbacb381d77489b5 -epiclocale=en-GB
LogInit: Base Directory: D:/Unreal/UE_4.19/Engine/Binaries/Win64/
LogInit: Installed Engine Build: 1
LogStreaming: Display: Took  0.000s to delete old logs.
LogInit: Presizing for max 8388607 objects, including 0 objects not considered by GC, pre-allocating 0 bytes for permanent pool.
LogInit: Object subsystem initialized
[2019.02.27-17.54.04:763][  0]LogInit: Selected Device Profile: [Windows]
[2019.02.27-17.54.04:763][  0]LogInit: Applying CVar settings loaded from the selected device profile: [Windows]
[2019.02.27-17.54.04:774][  0]LogInit: Computer: CORSAIR-GAMING-
[2019.02.27-17.54.04:774][  0]LogInit: User: James
[2019.02.27-17.54.04:774][  0]LogInit: CPU Page size=4096, Cores=4
[2019.02.27-17.54.04:774][  0]LogInit: High frequency timer resolution =3.417966 MHz
[2019.02.27-17.54.04:774][  0]LogMemory: Memory total: Physical=15.9GB (16GB approx)
[2019.02.27-17.54.04:774][  0]LogMemory: Platform Memory Stats for Windows
[2019.02.27-17.54.04:774][  0]LogMemory: Process Physical Memory: 274.32 MB used, 274.32 MB peak
[2019.02.27-17.54.04:775][  0]LogMemory: Process Virtual Memory: 264.90 MB used, 264.90 MB peak
[2019.02.27-17.54.04:775][  0]LogMemory: Physical Memory: 5080.60 MB used,  11240.73 MB free, 16321.33 MB total
[2019.02.27-17.54.04:775][  0]LogMemory: Virtual Memory: 4795.57 MB used,  11240.73 MB free, 134217728.00 MB total
[2019.02.27-17.54.04:796][  0]LogInit: Using OS detected language (en-GB).
[2019.02.27-17.54.04:796][  0]LogInit: Using OS detected locale (en-GB).
[2019.02.27-17.54.04:799][  0]LogTextLocalizationManager: No specific localization for 'en-GB' exists, so the 'en' localization will be used.
[2019.02.27-17.54.05:275][  0]LogStreaming: Display: Took  0.479s to EndInitTextLocalization.
[2019.02.27-17.54.05:275][  0]LogInit: Setting process to per monitor DPI aware
[2019.02.27-17.54.05:330][  0]LogSlate: New Slate User Created.  User Index 0, Is Virtual User: 0
[2019.02.27-17.54.05:330][  0]LogSlate: Slate User Registered.  User Index 0, Is Virtual User: 0
[2019.02.27-17.54.05:554][  0]LogD3D11RHI: D3D11 adapters:
[2019.02.27-17.54.05:627][  0]LogD3D11RHI:    0. 'NVIDIA GeForce GTX 1050 Ti' (Feature Level 11_0)
[2019.02.27-17.54.05:627][  0]LogD3D11RHI:       4018/0/8160 MB DedicatedVideo/DedicatedSystem/SharedSystem, Outputs:1, VendorId:0x10de
[2019.02.27-17.54.05:630][  0]LogD3D11RHI:    1. 'Microsoft Basic Render Driver' (Feature Level 11_0)
[2019.02.27-17.54.05:630][  0]LogD3D11RHI:       0/0/8160 MB DedicatedVideo/DedicatedSystem/SharedSystem, Outputs:0, VendorId:0x1414
[2019.02.27-17.54.05:630][  0]LogD3D11RHI: Chosen D3D11 Adapter: 0
[2019.02.27-17.54.05:637][  0]LogD3D11RHI: Creating new Direct3DDevice
[2019.02.27-17.54.05:637][  0]LogD3D11RHI:     GPU DeviceId: 0x1c82 (for the marketing name, search the web for "GPU Device Id")
[2019.02.27-17.54.05:637][  0]LogWindows: EnumDisplayDevices:
[2019.02.27-17.54.05:637][  0]LogWindows:    0. 'NVIDIA GeForce GTX 1050 Ti' (P:1 D:1)
[2019.02.27-17.54.05:637][  0]LogWindows:    1. 'NVIDIA GeForce GTX 1050 Ti' (P:0 D:0)
[2019.02.27-17.54.05:637][  0]LogWindows:    2. 'NVIDIA GeForce GTX 1050 Ti' (P:0 D:0)
[2019.02.27-17.54.05:638][  0]LogWindows:    3. 'NVIDIA GeForce GTX 1050 Ti' (P:0 D:0)
[2019.02.27-17.54.05:638][  0]LogWindows: DebugString: GetVideoDriverDetailsInvalid PrimaryIsNotTheChoosenAdapter GetVideoDriverDetailsInvalid PrimaryIsNotTheChoosenAdapter GetVideoDriverDetailsInvalid PrimaryIsNotTheChoosenAdapter GetVideoDriverDetailsInvalid PrimaryIsNotTheChoosenAdapter FoundDriverCount:0 
[2019.02.27-17.54.05:638][  0]LogD3D11RHI:     Adapter Name: NVIDIA GeForce GTX 1050 Ti
[2019.02.27-17.54.05:638][  0]LogD3D11RHI:   Driver Version: Unknown (internal:Unknown, unified:Unknown)
[2019.02.27-17.54.05:638][  0]LogD3D11RHI:      Driver Date: Unknown
[2019.02.27-17.54.05:638][  0]LogRHI: Texture pool is 2812 MB (70% of 4018 MB)
[2019.02.27-17.54.05:687][  0]LogD3D11RHI: [Aftermath] Aftermath enabled and primed
[2019.02.27-17.54.05:688][  0]LogD3D11RHI: [Aftermath] Aftermath enabled and primed
[2019.02.27-17.54.05:688][  0]LogD3D11RHI: Async texture creation enabled
[2019.02.27-17.54.05:708][  0]LogD3D11RHI: GPU Timing Frequency: 1000.000000 (Debug: 2 2)
[2019.02.27-17.54.05:759][  0]LogShaderCompilers: Guid format shader working directory is 18 characters bigger than the processId version (G:/Work/EverythingPlayground/Intermediate/Shaders/WorkingDirectory/3448/).
[2019.02.27-17.54.05:759][  0]LogShaderCompilers: Cleaned the shader compiler working directory 'C:/Users/James/AppData/Local/Temp/UnrealShaderWorkingDir/679E234346F723B760147DBF2A9DF2E7/'.
[2019.02.27-17.54.05:992][  0]LogTemp: Display: Loaded TP AllDesktopTargetPlatform
[2019.02.27-17.54.06:005][  0]LogTemp: Display: Loaded TP MacClientTargetPlatform
[2019.02.27-17.54.06:018][  0]LogTemp: Display: Loaded TP MacNoEditorTargetPlatform
[2019.02.27-17.54.06:030][  0]LogTemp: Display: Loaded TP MacServerTargetPlatform
[2019.02.27-17.54.06:045][  0]LogTemp: Display: Loaded TP MacTargetPlatform
[2019.02.27-17.54.06:058][  0]LogTemp: Display: Loaded TP WindowsClientTargetPlatform
[2019.02.27-17.54.06:070][  0]LogTemp: Display: Loaded TP WindowsNoEditorTargetPlatform
[2019.02.27-17.54.06:084][  0]LogTemp: Display: Loaded TP WindowsServerTargetPlatform
[2019.02.27-17.54.06:090][  0]LogTemp: Display: Loaded TP WindowsTargetPlatform
[2019.02.27-17.54.06:103][  0]LogTemp: Display: Loaded TP Android_ASTCTargetPlatform
[2019.02.27-17.54.06:116][  0]LogTemp: Display: Loaded TP Android_ATCTargetPlatform
[2019.02.27-17.54.06:129][  0]LogTemp: Display: Loaded TP Android_DXTTargetPlatform
[2019.02.27-17.54.06:140][  0]LogTemp: Display: Loaded TP Android_ETC1aTargetPlatform
[2019.02.27-17.54.06:152][  0]LogTemp: Display: Loaded TP Android_ETC1TargetPlatform
[2019.02.27-17.54.06:164][  0]LogTemp: Display: Loaded TP Android_ETC2TargetPlatform
[2019.02.27-17.54.06:197][  0]LogTemp: Display: Loaded TP Android_MultiTargetPlatform
[2019.02.27-17.54.06:197][  0]LogTemp: Display: Loaded TP Android_PVRTCTargetPlatform
[2019.02.27-17.54.06:211][  0]LogTemp: Display: Loaded TP AndroidTargetPlatform
[2019.02.27-17.54.06:212][  0]LogTemp: Display: Loaded TP HTML5TargetPlatform
[2019.02.27-17.54.06:250][  0]LogTemp: Display: Loaded TP IOSTargetPlatform
[2019.02.27-17.54.06:262][  0]LogTemp: Display: Loaded TP TVOSTargetPlatform
[2019.02.27-17.54.06:277][  0]LogTemp: Display: Loaded TP LinuxClientTargetPlatform
[2019.02.27-17.54.06:289][  0]LogTemp: Display: Loaded TP LinuxNoEditorTargetPlatform
[2019.02.27-17.54.06:301][  0]LogTemp: Display: Loaded TP LinuxServerTargetPlatform
[2019.02.27-17.54.06:312][  0]LogTemp: Display: Loaded TP LinuxTargetPlatform
[2019.02.27-17.54.06:313][  0]LogTargetPlatformManager: Display: Building Assets For Windows
[2019.02.27-17.54.06:429][  0]LogXGEController: Cannot use XGE Controller as Incredibuild is not installed on this machine.
[2019.02.27-17.54.06:430][  0]LogShaderCompilers: Cannot use XGE Shader Compiler as Incredibuild is not installed on this machine.
[2019.02.27-17.54.06:430][  0]LogShaderCompilers: Display: Using Local Shader Compiler.
[2019.02.27-17.54.07:147][  0]LogDerivedDataCache: Display: Max Cache Size: 512 MB
[2019.02.27-17.54.07:243][  0]LogDerivedDataCache: Loaded boot cache 0.10s 74MB C:/Users/James/AppData/Local/UnrealEngine/4.19/DerivedDataCache/Boot.ddc.
[2019.02.27-17.54.07:243][  0]LogDerivedDataCache: Display: Loaded Boot cache: C:/Users/James/AppData/Local/UnrealEngine/4.19/DerivedDataCache/Boot.ddc
[2019.02.27-17.54.07:243][  0]LogDerivedDataCache: FDerivedDataBackendGraph:  Pak pak cache file G:/Work/EverythingPlayground/DerivedDataCache/DDC.ddp not found, will not use a pak cache.
[2019.02.27-17.54.07:243][  0]LogDerivedDataCache: Unable to find inner node Pak for hierarchical cache Hierarchy.
[2019.02.27-17.54.07:243][  0]LogDerivedDataCache: FDerivedDataBackendGraph:  CompressedPak pak cache file G:/Work/EverythingPlayground/DerivedDataCache/Compressed.ddp not found, will not use a pak cache.
[2019.02.27-17.54.07:243][  0]LogDerivedDataCache: Unable to find inner node CompressedPak for hierarchical cache Hierarchy.
[2019.02.27-17.54.07:261][  0]LogDerivedDataCache: Display: Pak cache opened for reading ../../../Engine/DerivedDataCache/Compressed.ddp.
[2019.02.27-17.54.07:273][  0]LogDerivedDataCache: Using Local data cache path C:/Users/James/AppData/Local/UnrealEngine/Common/DerivedDataCache: Writable
[2019.02.27-17.54.07:273][  0]LogDerivedDataCache: Shared data cache path not found in *engine.ini, will not use an Shared cache.
[2019.02.27-17.54.07:273][  0]LogDerivedDataCache: Unable to find inner node Shared for hierarchical cache Hierarchy.
[2019.02.27-17.54.07:284][  0]LogMaterial: Verifying Global Shaders for PCD3D_SM5
[2019.02.27-17.54.07:285][  0]LogSlate: Using Freetype 2.6.0
[2019.02.27-17.54.07:285][  0]LogSlate: SlateFontCache - WITH_FREETYPE: 1, WITH_HARFBUZZ: 1
[2019.02.27-17.54.07:285][  0]LogSlate: SlateFontCache - WITH_FREETYPE: 1, WITH_HARFBUZZ: 1
[2019.02.27-17.54.07:412][  0]LogAssetRegistry: FAssetRegistry took 0.0263 seconds to start up
[2019.02.27-17.54.07:754][  0]LogInit: Selected Device Profile: [Windows]
[2019.02.27-17.54.07:917][  0]LogSimplygon: Simplygon DLL not present - disabling.
[2019.02.27-17.54.07:920][  0]LogMeshReduction: Using SimplygonSwarm for distributed automatic mesh merging
[2019.02.27-17.54.07:920][  0]LogMeshReduction: Using QuadricMeshReduction for automatic static mesh reduction
[2019.02.27-17.54.07:920][  0]LogMeshReduction: No automatic skeletal mesh reduction module available
[2019.02.27-17.54.07:920][  0]LogMeshReduction: No automatic mesh merging module available
[2019.02.27-17.54.07:920][  0]LogMeshMerging: No automatic mesh merging module available
[2019.02.27-17.54.07:948][  0]LogNetVersion: EverythingPlayground , NetCL: 3944462, EngineNetVer: 2, GameNetVer: 0 (Checksum: 4218911140)
[2019.02.27-17.54.08:382][  0]LogPackageLocalizationCache: Processed 9 localized package path(s) for 2 prioritized culture(s) in 0.062625 seconds
[2019.02.27-17.54.08:387][  0]LogUObjectArray: 36728 objects as part of root set at end of initial load.
[2019.02.27-17.54.08:387][  0]LogUObjectAllocator: 7314312 out of 0 bytes used by permanent object pool.
[2019.02.27-17.54.08:387][  0]LogUObjectArray: CloseDisregardForGC: 0/0 objects in disregard for GC pool
[2019.02.27-17.54.10:315][  0]LogTcpMessaging: Initializing TcpMessaging bridge
[2019.02.27-17.54.10:357][  0]LogUdpMessaging: Initializing bridge on interface 0.0.0.0:0 to multicast group 230.0.0.1:6666.
[2019.02.27-17.54.10:700][  0]SourceControl: Source control is disabled
[2019.02.27-17.54.10:700][  0]SourceControl: Source control is disabled
[2019.02.27-17.54.10:718][  0]SourceControl: Source control is disabled
[2019.02.27-17.54.10:740][  0]SourceControl: Source control is disabled
[2019.02.27-17.54.11:212][  0]LogAndroidPermission: UAndroidPermissionCallbackProxy::GetInstance
[2019.02.27-17.54.11:424][  0]LogOcInput: OculusInput pre-init called
[2019.02.27-17.54.11:528][  0]LogEngine: Initializing Engine...
[2019.02.27-17.54.11:529][  0]LogHMD: Failed to initialize OpenVR with code 110
[2019.02.27-17.54.11:530][  0]LogStats: UGameplayTagsManager::ConstructGameplayTagTree: Construct from data asset -  0.000 s
[2019.02.27-17.54.11:530][  0]LogStats: UGameplayTagsManager::ConstructGameplayTagTree: GameplayTagTreeChangedEvent.Broadcast -  0.000 s
[2019.02.27-17.54.11:742][  0]LogAIModule: Creating AISystem for world Untitled
[2019.02.27-17.54.11:871][  0]LogInit: XAudio2 using 'Headphones (High Definition Audio Device)' : 2 channels at 44.1 kHz using 16 bits per sample (channel mask 0x3)
[2019.02.27-17.54.11:888][  0]LogInit: FAudioDevice initialized.
[2019.02.27-17.54.12:040][  0]LogDerivedDataCache: Saved boot cache 0.15s 74MB C:/Users/James/AppData/Local/UnrealEngine/4.19/DerivedDataCache/Boot.ddc.
[2019.02.27-17.54.12:061][  0]LogInit: Texture streaming: Enabled
[2019.02.27-17.54.12:076][  0]LogEngineSessionManager: EngineSessionManager initialized
[2019.02.27-17.54.12:091][  0]LogInit: Transaction tracking system initialized
[2019.02.27-17.54.12:114][  0]BlueprintLog: New page: Editor Load
[2019.02.27-17.54.12:232][  0]LocalizationService: Localization service is disabled
[2019.02.27-17.54.12:347][  0]LogUObjectGlobals: Created PersistentFrame Addr=0x000001c9ab95ebc0, Size=88, Default__Landscape_Sculpt_Mode_C Function /Engine/Tutorial/Landscape/Landscape_Sculpt_Mode.Landscape_Sculpt_Mode_C:ExecuteUbergraph_Landscape_Sculpt_Mode
[2019.02.27-17.54.12:350][  0]LogUObjectGlobals: Destroyed PersistentFrame Addr=0x000001c9ab95ebc0, Size=88
[2019.02.27-17.54.12:350][  0]LogUObjectGlobals: Created PersistentFrame Addr=0x000001c9ab95ebc0, Size=88, Default__Landscape_Sculpt_Mode_C Function /Engine/Transient.REINST_Landscape_Sculpt_Mode_C_3:ExecuteUbergraph_Landscape_Sculpt_Mode
[2019.02.27-17.54.12:353][  0]LogUObjectGlobals: Created PersistentFrame Addr=0x000001c9aaf1cbd0, Size=80, Default__Landscape_Sculpt_Mode_C Function /Engine/Tutorial/Landscape/Landscape_Sculpt_Mode.Landscape_Sculpt_Mode_C:ExecuteUbergraph_Landscape_Sculpt_Mode
[2019.02.27-17.54.12:412][  0]LogConsoleResponse: Display: 
[2019.02.27-17.54.12:550][  0]LogFileCache: Scanning file cache for directory 'G:/Work/EverythingPlayground/Content/' took 0.01s
[2019.02.27-17.54.12:550][  0]LogCook: Display: Max memory allowance for cook 16384mb min free memory 0mb
[2019.02.27-17.54.12:550][  0]LogCook: Display: Mobile HDR setting 1
[2019.02.27-17.54.12:550][  0]LogGameplayTags: Display: UGameplayTagsManager::DoneAddingNativeTags. DelegateIsBound: 0
[2019.02.27-17.54.12:550][  0]LogStats: UGameplayTagsManager::ConstructGameplayTagTree: Construct from data asset -  0.000 s
[2019.02.27-17.54.12:550][  0]LogStats: UGameplayTagsManager::ConstructGameplayTagTree: GameplayTagTreeChangedEvent.Broadcast -  0.000 s
[2019.02.27-17.54.12:905][  0]SourceControl: Source control is disabled
[2019.02.27-17.54.12:905][  0]Cmd: MAP LOAD FILE="../../../Engine/Content/Maps/Templates/Template_Default.umap" TEMPLATE=1 SHOWPROGRESS=1 FEATURELEVEL=3
[2019.02.27-17.54.12:905][  0]LightingResults: New page: Lighting Build
[2019.02.27-17.54.12:907][  0]MapCheck: New page: Map Check
[2019.02.27-17.54.12:907][  0]LightingResults: New page: Lighting Build
[2019.02.27-17.54.12:919][  0]LogUObjectGlobals: Destroyed PersistentFrame Addr=0x000001c9ab95ebc0, Size=88
[2019.02.27-17.54.13:055][  0]LogAIModule: Creating AISystem for world Untitled_1
[2019.02.27-17.54.13:062][  0]LogEditorServer: Finished looking for orphan Actors (0.000 secs)
[2019.02.27-17.54.13:074][  0]Cmd: MAP CHECKDEP NOCLEARLOG
[2019.02.27-17.54.13:122][  0]MapCheck: Map check complete: 0 Error(s), 0 Warning(s), took 48.474ms to complete.
[2019.02.27-17.54.13:122][  0]LogFileHelpers: Loading map 'Template_Default' took 0.218
[2019.02.27-17.54.13:364][  0]LogCollectionManager: Loaded 0 collections in 0.001150 seconds
[2019.02.27-17.54.13:406][  0]LogFileCache: Scanning file cache for directory 'G:/Work/EverythingPlayground/Saved/Collections/' took 0.01s
[2019.02.27-17.54.13:406][  0]LogFileCache: Scanning file cache for directory 'G:/Work/EverythingPlayground/Content/Developers/James/Collections/' took 0.01s
[2019.02.27-17.54.13:406][  0]LogFileCache: Scanning file cache for directory 'G:/Work/EverythingPlayground/Content/Collections/' took 0.01s
[2019.02.27-17.54.13:406][  0]LogCollectionManager: Rebuilt the GUID cache for 0 collections in 0.000000 seconds
[2019.02.27-17.54.13:422][  0]LogContentBrowser: Native class hierarchy populated in 0.0150 seconds. Added 2453 classes and 560 folders.
[2019.02.27-17.54.13:429][  0]LogContentBrowser: Native class hierarchy updated for 'WidgetCarousel' in 0.0002 seconds. Added 0 classes and 0 folders.
[2019.02.27-17.54.13:475][  0]LogContentBrowser: Native class hierarchy updated for 'AddContentDialog' in 0.0002 seconds. Added 0 classes and 0 folders.
[2019.02.27-17.54.14:829][  0]LogSlate: Only BGRA pngs, bmps or icos are supported in by External Image Picker
[2019.02.27-17.54.14:865][  0]LogSlate: Took 0.000284 seconds to synchronously load lazily loaded font '../../../Engine/Content/Slate/Fonts/Roboto-Regular.ttf' (155K)
[2019.02.27-17.54.14:869][  0]LogSlate: Took 0.000278 seconds to synchronously load lazily loaded font '../../../Engine/Content/Slate/Fonts/Roboto-Bold.ttf' (160K)
[2019.02.27-17.54.14:881][  0]LogSlate: Took 0.000305 seconds to synchronously load lazily loaded font '../../../Engine/Content/Editor/Slate/Fonts/FontAwesome.ttf' (139K)
[2019.02.27-17.54.14:998][  0]LogTemp: Executing iPhonePackager certificates Engine -bundlename com.YourCompany.EverythingPlayground
[2019.02.27-17.54.14:998][  0]LogTemp: CWD: D:\Unreal\UE_4.19\Engine\Binaries\DotNET\IOS
[2019.02.27-17.54.14:998][  0]LogTemp: Initial Dir: D:\Unreal\UE_4.19
[2019.02.27-17.54.14:998][  0]LogTemp: Env CWD: D:\Unreal\UE_4.19\Engine\Binaries\DotNET\IOS
[2019.02.27-17.54.14:998][  0]LogTemp: BranchPath = CORSAIR-GAMING-/D/Unreal/UE_4.19/Engine/Binaries --- GameBranchPath = CORSAIR-GAMING-/D/Unreal/UE_4.19/Engine/Binaries
[2019.02.27-17.54.14:998][  0]LogTemp: IPP ERROR: Could not find provision directory 'C:\Users\James\AppData\Local/Apple Computer/MobileDevice/Provisioning Profiles/'.
[2019.02.27-17.54.14:998][  0]LogRenderer: Reallocating scene render targets to support 1768x288 Format 10 NumSamples 1 (Frame:1).
[2019.02.27-17.54.15:122][  0]LogContentBrowser: Native class hierarchy updated for 'HierarchicalLODOutliner' in 0.0002 seconds. Added 0 classes and 0 folders.
[2019.02.27-17.54.15:123][  0]LogLoad: (Engine Initialization) Total time: 12.71 seconds
[2019.02.27-17.54.15:123][  0]LogLoad: (Engine Initialization) Total Blueprint compile time: 0.00 seconds
[2019.02.27-17.54.15:133][  0]LogSlate: FSceneViewport::OnFocusLost() reason 0
[2019.02.27-17.54.15:135][  0]LogWindowsTextInputMethodSystem: Display: IME system now deactivated.
[2019.02.27-17.54.15:168][  0]LogContentStreaming: Texture pool size now 1000 MB
[2019.02.27-17.54.15:262][  1]LogAssetRegistry: Asset discovery search completed in 7.8740 seconds
[2019.02.27-17.54.15:264][  1]LogCollectionManager: Rebuilt the object cache for 0 collections in 0.000001 seconds (found 0 objects)
[2019.02.27-17.54.15:264][  1]LogCollectionManager: Fixed up redirectors for 0 collections in 0.000067 seconds (updated 0 objects)
